0 info it worked if it ends with ok
1 verbose cli [ '/usr/bin/nodejs', '/usr/bin/npm', 'run', 'build-examples' ]
2 info using npm@4.1.2
3 info using node@v7.7.4
4 verbose run-script [ 'prebuild-examples', 'build-examples', 'postbuild-examples' ]
5 info lifecycle vue2-google-maps@0.7.2~prebuild-examples: vue2-google-maps@0.7.2
6 silly lifecycle vue2-google-maps@0.7.2~prebuild-examples: no script for prebuild-examples, continuing
7 info lifecycle vue2-google-maps@0.7.2~build-examples: vue2-google-maps@0.7.2
8 verbose lifecycle vue2-google-maps@0.7.2~build-examples: unsafe-perm in lifecycle true
9 verbose lifecycle vue2-google-maps@0.7.2~build-examples: PATH: /usr/lib/node_modules/npm/bin/node-gyp-bin:/home/daniel/vue-google-maps/node_modules/.bin:/home/daniel/.conscript/bin:/usr/local/heroku/bin:/home/daniel/.cargo/bin:/home/daniel/bin:/usr/local/sbin:/usr/local/bin:/usr/sbin:/usr/bin:/sbin:/bin:/usr/games:/usr/local/games:/snap/bin:/opt/hadoop/bin:/home/daniel/.local/bin
10 verbose lifecycle vue2-google-maps@0.7.2~build-examples: CWD: /home/daniel/vue-google-maps
11 silly lifecycle vue2-google-maps@0.7.2~build-examples: Args: [ '-c',
11 silly lifecycle   'npm run build-examples-before && npm run build-examples-webpack' ]
12 silly lifecycle vue2-google-maps@0.7.2~build-examples: Returned: code: 1  signal: null
13 info lifecycle vue2-google-maps@0.7.2~build-examples: Failed to exec build-examples script
14 verbose stack Error: vue2-google-maps@0.7.2 build-examples: `npm run build-examples-before && npm run build-examples-webpack`
14 verbose stack Exit status 1
14 verbose stack     at EventEmitter.<anonymous> (/usr/lib/node_modules/npm/lib/utils/lifecycle.js:279:16)
14 verbose stack     at emitTwo (events.js:106:13)
14 verbose stack     at EventEmitter.emit (events.js:194:7)
14 verbose stack     at ChildProcess.<anonymous> (/usr/lib/node_modules/npm/lib/utils/spawn.js:40:14)
14 verbose stack     at emitTwo (events.js:106:13)
14 verbose stack     at ChildProcess.emit (events.js:194:7)
14 verbose stack     at maybeClose (internal/child_process.js:899:16)
14 verbose stack     at Process.ChildProcess._handle.onexit (internal/child_process.js:226:5)
15 verbose pkgid vue2-google-maps@0.7.2
16 verbose cwd /home/daniel/vue-google-maps/src/stubs
17 error Linux 4.4.0-66-generic
18 error argv "/usr/bin/nodejs" "/usr/bin/npm" "run" "build-examples"
19 error node v7.7.4
20 error npm  v4.1.2
21 error code ELIFECYCLE
22 error vue2-google-maps@0.7.2 build-examples: `npm run build-examples-before && npm run build-examples-webpack`
22 error Exit status 1
23 error Failed at the vue2-google-maps@0.7.2 build-examples script 'npm run build-examples-before && npm run build-examples-webpack'.
23 error Make sure you have the latest version of node.js and npm installed.
23 error If you do, this is most likely a problem with the vue2-google-maps package,
23 error not with npm itself.
23 error Tell the author that this fails on your system:
23 error     npm run build-examples-before && npm run build-examples-webpack
23 error You can get information on how to open an issue for this project with:
23 error     npm bugs vue2-google-maps
23 error Or if that isn't available, you can get their info via:
23 error     npm owner ls vue2-google-maps
23 error There is likely additional logging output above.
24 verbose exit [ 1, true ]
